{
  "stats": {
    "suites": 1,
    "tests": 11,
    "passes": 11,
    "pending": 0,
    "failures": 0,
    "start": "2018-06-20T01:31:59.222Z",
    "end": "2018-06-20T01:32:12.608Z",
    "duration": 13386,
    "testsRegistered": 11,
    "passPercent": 100,
    "pendingPercent": 0,
    "other": 0,
    "hasOther": false,
    "skipped": 0,
    "hasSkipped": false,
    "passPercentClass": "success",
    "pendingPercentClass": "danger"
  },
  "suites": {
    "uuid": "291eeeeb-b50e-4373-b581-db386e68bf13",
    "title": "",
    "fullFile": "",
    "file": "",
    "beforeHooks": [],
    "afterHooks": [],
    "tests": [],
    "suites": [
      {
        "uuid": "d0478d42-faf9-4408-a302-f1bf113f5fba",
        "title": "Form Input",
        "fullFile": "",
        "file": "",
        "beforeHooks": [],
        "afterHooks": [],
        "tests": [
          {
            "title": "Visits the app & shows 3 Fields & 1 button",
            "fullTitle": "Form Input Visits the app & shows 3 Fields & 1 button",
            "duration": 934,
            "state": "passed",
            "speed": "slow",
            "pass": true,
            "fail": false,
            "pending": false,
            "code": "cy.get(\".form-group\").should(\"have.length\", 4);",
            "err": {},
            "isRoot": false,
            "uuid": "e9a98a01-e4c2-4c9a-a2af-1c554ebde493",
            "isHook": false,
            "skipped": false
          },
          {
            "title": "Accepts Name Field",
            "fullTitle": "Form Input Accepts Name Field",
            "duration": 700,
            "state": "passed",
            "speed": "slow",
            "pass": true,
            "fail": false,
            "pending": false,
            "code": "var typedName = \"John Doe\";\ncy.get(\":nth-child(1) > .input-wrapper > .field\").type(typedName).should(\"have.value\", typedName);",
            "err": {},
            "isRoot": false,
            "uuid": "18d38db4-84e4-4d57-91f7-681eaf6f716c",
            "isHook": false,
            "skipped": false
          },
          {
            "title": "Accepts Email Field",
            "fullTitle": "Form Input Accepts Email Field",
            "duration": 795,
            "state": "passed",
            "speed": "slow",
            "pass": true,
            "fail": false,
            "pending": false,
            "code": "var typedEmail = \"John.Doe@example.com\";\ncy.get(\":nth-child(2) > .input-wrapper > .field\").type(typedEmail).should(\"have.value\", typedEmail);",
            "err": {},
            "isRoot": false,
            "uuid": "38c1e8c9-e8ef-45bc-b1c3-7f01ee331e21",
            "isHook": false,
            "skipped": false
          },
          {
            "title": "Accepts Message Field",
            "fullTitle": "Form Input Accepts Message Field",
            "duration": 684,
            "state": "passed",
            "speed": "slow",
            "pass": true,
            "fail": false,
            "pending": false,
            "code": "var typedMessage = \"Hello from John Doe!\";\ncy.get(\":nth-child(3) > .input-wrapper > .field\").type(typedMessage).should(\"have.value\", typedMessage);",
            "err": {},
            "isRoot": false,
            "uuid": "4660accc-487d-4c8e-99f8-6963b19e7c67",
            "isHook": false,
            "skipped": false
          },
          {
            "title": "Doesn't Submit Empty Form",
            "fullTitle": "Form Input Doesn't Submit Empty Form",
            "duration": 356,
            "state": "passed",
            "speed": "slow",
            "pass": true,
            "fail": false,
            "pending": false,
            "code": "cy.get(\"button\").click();\ncy.get(\".form-group.invalid\").should(\"have.length\", 3);",
            "err": {},
            "isRoot": false,
            "uuid": "9a51fbc5-ea77-4e9b-bd0f-2b0875c5d60e",
            "isHook": false,
            "skipped": false
          },
          {
            "title": "Doesn't Submit with out Name",
            "fullTitle": "Form Input Doesn't Submit with out Name",
            "duration": 1506,
            "state": "passed",
            "speed": "slow",
            "pass": true,
            "fail": false,
            "pending": false,
            "code": "cy.enterValue(\"email\");\ncy.enterValue(\"message\");\ncy.get(\"button\").click();\ncy.get(\".form-group.invalid\").should(\"have.length\", 1);\ncy.get(\".error-msg\").should(\"have.text\", \"Enter a Name\");",
            "err": {},
            "isRoot": false,
            "uuid": "26cbc702-29e1-4447-bf8a-57644ea94f76",
            "isHook": false,
            "skipped": false
          },
          {
            "title": "Doesn't Submit with out Email",
            "fullTitle": "Form Input Doesn't Submit with out Email",
            "duration": 1308,
            "state": "passed",
            "speed": "slow",
            "pass": true,
            "fail": false,
            "pending": false,
            "code": "cy.enterValue(\"name\");\ncy.enterValue(\"message\");\ncy.get(\"button\").click();\ncy.get(\".form-group.invalid\").should(\"have.length\", 1);\ncy.get(\".error-msg\").should(\"have.text\", \"Enter an Email Address\");",
            "err": {},
            "isRoot": false,
            "uuid": "227fdcd8-98a2-4867-9c32-418e00c06914",
            "isHook": false,
            "skipped": false
          },
          {
            "title": "Shows Error Message for Invalid Email Address",
            "fullTitle": "Form Input Shows Error Message for Invalid Email Address",
            "duration": 1760,
            "state": "passed",
            "speed": "slow",
            "pass": true,
            "fail": false,
            "pending": false,
            "code": "cy.enterValue(\"name\");\ncy.enterValue(\"email\", \"Not an Email!\");\ncy.enterValue(\"message\");\ncy.get(\"button\").click();\ncy.get(\".form-group.invalid\").should(\"have.length\", 1);\ncy.get(\".error-msg\").should(\"have.text\", \"Invalid email address\");",
            "err": {},
            "isRoot": false,
            "uuid": "a0a78551-a424-4acf-beb7-8c110579ead7",
            "isHook": false,
            "skipped": false
          },
          {
            "title": "Doesn't Submit with out Message",
            "fullTitle": "Form Input Doesn't Submit with out Message",
            "duration": 1344,
            "state": "passed",
            "speed": "slow",
            "pass": true,
            "fail": false,
            "pending": false,
            "code": "cy.enterValue(\"name\");\ncy.enterValue(\"email\");\ncy.get(\"button\").click();\ncy.get(\".form-group.invalid\").should(\"have.length\", 1);\ncy.get(\".error-msg\").should(\"have.text\", \"Enter a message\");",
            "err": {},
            "isRoot": false,
            "uuid": "a5ba3143-9ffb-4d7f-9efd-72942ba9e39e",
            "isHook": false,
            "skipped": false
          },
          {
            "title": "Disables Fields on Form Submission",
            "fullTitle": "Form Input Disables Fields on Form Submission",
            "duration": 1963,
            "state": "passed",
            "speed": "slow",
            "pass": true,
            "fail": false,
            "pending": false,
            "code": "cy.fillTrailFormAndSubmit();\ncy.get(\"button\").should(\"be.disabled\");\ncy.get(\".field\").should(\"be.disabled\");",
            "err": {},
            "isRoot": false,
            "uuid": "e86d9500-c0b7-4d88-a31e-84448e738f50",
            "isHook": false,
            "skipped": false
          },
          {
            "title": "Show Spinner on Form Submission",
            "fullTitle": "Form Input Show Spinner on Form Submission",
            "duration": 1851,
            "state": "passed",
            "speed": "slow",
            "pass": true,
            "fail": false,
            "pending": false,
            "code": "cy.fillTrailFormAndSubmit();\ncy.get(\".form-group.invalid\").should(\"have.length\", 0);\ncy.get(\"button\").should(\"have.class\", \"spinner\");",
            "err": {},
            "isRoot": false,
            "uuid": "2ad63a4b-7455-4d75-bf94-0197f00cc879",
            "isHook": false,
            "skipped": false
          }
        ],
        "suites": [],
        "passes": [
          "e9a98a01-e4c2-4c9a-a2af-1c554ebde493",
          "18d38db4-84e4-4d57-91f7-681eaf6f716c",
          "38c1e8c9-e8ef-45bc-b1c3-7f01ee331e21",
          "4660accc-487d-4c8e-99f8-6963b19e7c67",
          "9a51fbc5-ea77-4e9b-bd0f-2b0875c5d60e",
          "26cbc702-29e1-4447-bf8a-57644ea94f76",
          "227fdcd8-98a2-4867-9c32-418e00c06914",
          "a0a78551-a424-4acf-beb7-8c110579ead7",
          "a5ba3143-9ffb-4d7f-9efd-72942ba9e39e",
          "e86d9500-c0b7-4d88-a31e-84448e738f50",
          "2ad63a4b-7455-4d75-bf94-0197f00cc879"
        ],
        "failures": [],
        "pending": [],
        "skipped": [],
        "duration": 13201,
        "root": false,
        "rootEmpty": false,
        "_timeout": 2000
      }
    ],
    "passes": [],
    "failures": [],
    "pending": [],
    "skipped": [],
    "duration": 0,
    "root": true,
    "rootEmpty": true,
    "_timeout": 2000
  },
  "copyrightYear": 2018
}