{
  "stats": {
    "suites": 1,
    "tests": 11,
    "passes": 11,
    "pending": 0,
    "failures": 0,
    "start": "2018-06-20T00:05:59.147Z",
    "end": "2018-06-20T00:06:11.925Z",
    "duration": 12778,
    "testsRegistered": 11,
    "passPercent": 100,
    "pendingPercent": 0,
    "other": 0,
    "hasOther": false,
    "skipped": 0,
    "hasSkipped": false,
    "passPercentClass": "success",
    "pendingPercentClass": "danger"
  },
  "suites": {
    "uuid": "02496f77-de34-405d-8638-b20aa4c53b66",
    "title": "",
    "fullFile": "",
    "file": "",
    "beforeHooks": [],
    "afterHooks": [],
    "tests": [],
    "suites": [
      {
        "uuid": "43b97bb2-c8d6-45f6-a042-79766bb8d635",
        "title": "Form Input",
        "fullFile": "",
        "file": "",
        "beforeHooks": [],
        "afterHooks": [],
        "tests": [
          {
            "title": "Visits the app & shows 3 Fields & 1 button",
            "fullTitle": "Form Input Visits the app & shows 3 Fields & 1 button",
            "duration": 724,
            "state": "passed",
            "speed": "slow",
            "pass": true,
            "fail": false,
            "pending": false,
            "code": "cy.get(\".form-group\").should(\"have.length\", 4);",
            "err": {},
            "isRoot": false,
            "uuid": "2b89bf24-7028-47d7-a5ef-d264c17b4869",
            "isHook": false,
            "skipped": false
          },
          {
            "title": "Accepts Name Field",
            "fullTitle": "Form Input Accepts Name Field",
            "duration": 642,
            "state": "passed",
            "speed": "slow",
            "pass": true,
            "fail": false,
            "pending": false,
            "code": "var typedName = \"John Doe\";\ncy.get(\":nth-child(1) > .input-wrapper > .field\").type(typedName).should(\"have.value\", typedName);",
            "err": {},
            "isRoot": false,
            "uuid": "a3f81eb8-2680-4ec8-b13a-452a4a03533d",
            "isHook": false,
            "skipped": false
          },
          {
            "title": "Accepts Email Field",
            "fullTitle": "Form Input Accepts Email Field",
            "duration": 658,
            "state": "passed",
            "speed": "slow",
            "pass": true,
            "fail": false,
            "pending": false,
            "code": "var typedEmail = \"John.Doe@example.com\";\ncy.get(\":nth-child(2) > .input-wrapper > .field\").type(typedEmail).should(\"have.value\", typedEmail);",
            "err": {},
            "isRoot": false,
            "uuid": "d5d62f77-5841-461c-bd92-cce9ec22b11b",
            "isHook": false,
            "skipped": false
          },
          {
            "title": "Accepts Message Field",
            "fullTitle": "Form Input Accepts Message Field",
            "duration": 735,
            "state": "passed",
            "speed": "slow",
            "pass": true,
            "fail": false,
            "pending": false,
            "code": "var typedMessage = \"Hello from John Doe!\";\ncy.get(\":nth-child(3) > .input-wrapper > .field\").type(typedMessage).should(\"have.value\", typedMessage);",
            "err": {},
            "isRoot": false,
            "uuid": "402be7df-290c-41ce-8258-c46bd57a8bf7",
            "isHook": false,
            "skipped": false
          },
          {
            "title": "Doesn't Submit Empty Form",
            "fullTitle": "Form Input Doesn't Submit Empty Form",
            "duration": 316,
            "state": "passed",
            "speed": "slow",
            "pass": true,
            "fail": false,
            "pending": false,
            "code": "cy.get(\"button\").click();\ncy.get(\".form-group.invalid\").should(\"have.length\", 3);",
            "err": {},
            "isRoot": false,
            "uuid": "18848966-83da-438f-98c5-1e568d2e2e9c",
            "isHook": false,
            "skipped": false
          },
          {
            "title": "Doesn't Submit with out Name",
            "fullTitle": "Form Input Doesn't Submit with out Name",
            "duration": 1487,
            "state": "passed",
            "speed": "slow",
            "pass": true,
            "fail": false,
            "pending": false,
            "code": "cy.enterValue(\"email\");\ncy.enterValue(\"message\");\ncy.get(\"button\").click();\ncy.get(\".form-group.invalid\").should(\"have.length\", 1);\ncy.get(\".error-msg\").should(\"have.text\", \"Enter a Name\");",
            "err": {},
            "isRoot": false,
            "uuid": "bf844de6-96bb-4215-b468-7da2d468ca53",
            "isHook": false,
            "skipped": false
          },
          {
            "title": "Doesn't Submit with out Email",
            "fullTitle": "Form Input Doesn't Submit with out Email",
            "duration": 1306,
            "state": "passed",
            "speed": "slow",
            "pass": true,
            "fail": false,
            "pending": false,
            "code": "cy.enterValue(\"name\");\ncy.enterValue(\"message\");\ncy.get(\"button\").click();\ncy.get(\".form-group.invalid\").should(\"have.length\", 1);\ncy.get(\".error-msg\").should(\"have.text\", \"Enter an Email Address\");",
            "err": {},
            "isRoot": false,
            "uuid": "495368ce-1438-4d6c-aa7d-0833d0d48619",
            "isHook": false,
            "skipped": false
          },
          {
            "title": "Shows Error Message for Invalid Email Address",
            "fullTitle": "Form Input Shows Error Message for Invalid Email Address",
            "duration": 1758,
            "state": "passed",
            "speed": "slow",
            "pass": true,
            "fail": false,
            "pending": false,
            "code": "cy.enterValue(\"name\");\ncy.enterValue(\"email\", \"Not an Email!\");\ncy.enterValue(\"message\");\ncy.get(\"button\").click();\ncy.get(\".form-group.invalid\").should(\"have.length\", 1);\ncy.get(\".error-msg\").should(\"have.text\", \"Invalid email address\");",
            "err": {},
            "isRoot": false,
            "uuid": "6155f914-f211-4e18-b0f9-774a7f50f76a",
            "isHook": false,
            "skipped": false
          },
          {
            "title": "Doesn't Submit with out Message",
            "fullTitle": "Form Input Doesn't Submit with out Message",
            "duration": 1280,
            "state": "passed",
            "speed": "slow",
            "pass": true,
            "fail": false,
            "pending": false,
            "code": "cy.enterValue(\"name\");\ncy.enterValue(\"email\");\ncy.get(\"button\").click();\ncy.get(\".form-group.invalid\").should(\"have.length\", 1);\ncy.get(\".error-msg\").should(\"have.text\", \"Enter a message\");",
            "err": {},
            "isRoot": false,
            "uuid": "4a5c3641-0aa6-4aab-bac8-664a9a7ee312",
            "isHook": false,
            "skipped": false
          },
          {
            "title": "Disables Fields on Form Submission",
            "fullTitle": "Form Input Disables Fields on Form Submission",
            "duration": 1887,
            "state": "passed",
            "speed": "slow",
            "pass": true,
            "fail": false,
            "pending": false,
            "code": "cy.fillTrailFormAndSubmit();\ncy.get(\"button\").should(\"be.disabled\");\ncy.get(\".field\").should(\"be.disabled\");",
            "err": {},
            "isRoot": false,
            "uuid": "4c26627a-fe01-4a43-b784-4599656ef2d5",
            "isHook": false,
            "skipped": false
          },
          {
            "title": "Show Spinner on Form Submission",
            "fullTitle": "Form Input Show Spinner on Form Submission",
            "duration": 1818,
            "state": "passed",
            "speed": "slow",
            "pass": true,
            "fail": false,
            "pending": false,
            "code": "cy.fillTrailFormAndSubmit();\ncy.get(\".form-group.invalid\").should(\"have.length\", 0);\ncy.get(\"button\").should(\"have.class\", \"spinner\");",
            "err": {},
            "isRoot": false,
            "uuid": "80ee45e9-e175-4e90-b506-9cb1da42464d",
            "isHook": false,
            "skipped": false
          }
        ],
        "suites": [],
        "passes": [
          "2b89bf24-7028-47d7-a5ef-d264c17b4869",
          "a3f81eb8-2680-4ec8-b13a-452a4a03533d",
          "d5d62f77-5841-461c-bd92-cce9ec22b11b",
          "402be7df-290c-41ce-8258-c46bd57a8bf7",
          "18848966-83da-438f-98c5-1e568d2e2e9c",
          "bf844de6-96bb-4215-b468-7da2d468ca53",
          "495368ce-1438-4d6c-aa7d-0833d0d48619",
          "6155f914-f211-4e18-b0f9-774a7f50f76a",
          "4a5c3641-0aa6-4aab-bac8-664a9a7ee312",
          "4c26627a-fe01-4a43-b784-4599656ef2d5",
          "80ee45e9-e175-4e90-b506-9cb1da42464d"
        ],
        "failures": [],
        "pending": [],
        "skipped": [],
        "duration": 12611,
        "root": false,
        "rootEmpty": false,
        "_timeout": 2000
      }
    ],
    "passes": [],
    "failures": [],
    "pending": [],
    "skipped": [],
    "duration": 0,
    "root": true,
    "rootEmpty": true,
    "_timeout": 2000
  },
  "copyrightYear": 2018
}